  06-02 아마도 미니프로젝트.c
C:\AI영상처리\06일차\06-02 아마도 미니프로젝트.c(80,9): warning C4013: '_getch'이(가) 정의되지 않았습니다. extern은 int형을 반환하는 것으로 간주합니다.
C:\AI영상처리\06일차\06-02 아마도 미니프로젝트.c(199,21): warning C4244: '함수': '__int64'에서 'double'(으)로 변환하면서 데이터가 손실될 수 있습니다.
C:\AI영상처리\06일차\06-02 아마도 미니프로젝트.c(199,16): warning C4244: '=': 'double'에서 'int'(으)로 변환하면서 데이터가 손실될 수 있습니다.
C:\AI영상처리\06일차\06-02 아마도 미니프로젝트.c(508,9): warning C4244: 'return': '__int64'에서 'int'(으)로 변환하면서 데이터가 손실될 수 있습니다.
C:\AI영상처리\06일차\06-02 아마도 미니프로젝트.c(652,22): warning C4244: '=': 'double'에서 'unsigned char'(으)로 변환하면서 데이터가 손실될 수 있습니다.
C:\AI영상처리\06일차\06-02 아마도 미니프로젝트.c(684,26): warning C4244: '=': 'double'에서 'unsigned char'(으)로 변환하면서 데이터가 손실될 수 있습니다.
C:\AI영상처리\06일차\06-02 아마도 미니프로젝트.c(700,26): warning C4244: '=': 'double'에서 'unsigned char'(으)로 변환하면서 데이터가 손실될 수 있습니다.
C:\AI영상처리\06일차\06-02 아마도 미니프로젝트.c(908,18): warning C4244: '함수': 'double'에서 'int'(으)로 변환하면서 데이터가 손실될 수 있습니다.
C:\AI영상처리\06일차\06-02 아마도 미니프로젝트.c(908,44): warning C4244: '함수': 'double'에서 'int'(으)로 변환하면서 데이터가 손실될 수 있습니다.
C:\AI영상처리\06일차\06-02 아마도 미니프로젝트.c(909,18): warning C4244: '함수': 'double'에서 'int'(으)로 변환하면서 데이터가 손실될 수 있습니다.
C:\AI영상처리\06일차\06-02 아마도 미니프로젝트.c(909,42): warning C4244: '함수': 'double'에서 'int'(으)로 변환하면서 데이터가 손실될 수 있습니다.
C:\AI영상처리\06일차\06-02 아마도 미니프로젝트.c(923,71): warning C4244: '=': 'double'에서 'int'(으)로 변환하면서 데이터가 손실될 수 있습니다.
C:\AI영상처리\06일차\06-02 아마도 미니프로젝트.c(924,72): warning C4244: '=': 'double'에서 'int'(으)로 변환하면서 데이터가 손실될 수 있습니다.
C:\AI영상처리\06일차\06-02 아마도 미니프로젝트.c(988,67): warning C4244: '=': 'double'에서 'unsigned char'(으)로 변환하면서 데이터가 손실될 수 있습니다.
C:\AI영상처리\06일차\06-02 아마도 미니프로젝트.c(1025,21): warning C4244: '=': 'double'에서 'unsigned char'(으)로 변환하면서 데이터가 손실될 수 있습니다.
C:\AI영상처리\06일차\06-02 아마도 미니프로젝트.c(1058,57): warning C4244: '=': 'double'에서 'int'(으)로 변환하면서 데이터가 손실될 수 있습니다.
C:\AI영상처리\06일차\06-02 아마도 미니프로젝트.c(1134,21): warning C4244: '=': 'double'에서 'unsigned char'(으)로 변환하면서 데이터가 손실될 수 있습니다.
C:\AI영상처리\06일차\06-02 아마도 미니프로젝트.c(1198,21): warning C4244: '=': 'double'에서 'unsigned char'(으)로 변환하면서 데이터가 손실될 수 있습니다.
C:\AI영상처리\06일차\06-02 아마도 미니프로젝트.c(1267,21): warning C4244: '=': 'double'에서 'unsigned char'(으)로 변환하면서 데이터가 손실될 수 있습니다.
C:\AI영상처리\06일차\06-02 아마도 미니프로젝트.c(1336,21): warning C4244: '=': 'double'에서 'unsigned char'(으)로 변환하면서 데이터가 손실될 수 있습니다.
C:\AI영상처리\06일차\06-02 아마도 미니프로젝트.c(1413,21): warning C4244: '=': 'double'에서 'unsigned char'(으)로 변환하면서 데이터가 손실될 수 있습니다.
C:\AI영상처리\06일차\06-02 아마도 미니프로젝트.c(1476,21): warning C4244: '=': 'double'에서 'unsigned char'(으)로 변환하면서 데이터가 손실될 수 있습니다.
C:\AI영상처리\06일차\06-02 아마도 미니프로젝트.c(1537,21): warning C4244: '=': 'double'에서 'unsigned char'(으)로 변환하면서 데이터가 손실될 수 있습니다.
C:\AI영상처리\06일차\06-02 아마도 미니프로젝트.c(1600,21): warning C4244: '=': 'double'에서 'unsigned char'(으)로 변환하면서 데이터가 손실될 수 있습니다.
C:\AI영상처리\06일차\06-02 아마도 미니프로젝트.c(1661,21): warning C4244: '=': 'double'에서 'unsigned char'(으)로 변환하면서 데이터가 손실될 수 있습니다.
  06일차.vcxproj -> C:\AI영상처리\06일차\x64\Debug\06일차.exe
